<!DOCTYPE html PUBLIC "-//W3C//DTD XHTML 1.1//EN" "https://www.w3.org/TR/xhtml11/DTD/xhtml11.dtd">
<html xmlns="https://www.w3.org/1999/xhtml">
<head>
<meta http-equiv="content-type" content="text/html; charset=UTF-8"/>
<title>TestNG Report</title>
<style type="text/css">table {margin-bottom:10px;border-collapse:collapse;empty-cells:show}th,td {border:1px solid #009;padding:.25em .5em}th {vertical-align:bottom}td {vertical-align:top}table a {font-weight:bold}.stripe td {background-color: #E6EBF9}.num {text-align:right}.passedodd td {background-color: #3F3}.passedeven td {background-color: #0A0}.skippedodd td {background-color: #DDD}.skippedeven td {background-color: #CCC}.failedodd td,.attn {background-color: #F33}.failedeven td,.stripe .attn {background-color: #D00}.stacktrace {white-space:pre;font-family:monospace}.totop {font-size:85%;text-align:center;border-bottom:2px solid #000}.invisible {display:none}</style>
</head>
<body>
<table>
<tr><th>Test</th><th># Passed</th><th># Skipped</th><th># Retried</th><th># Failed</th><th>Time (ms)</th><th>Included Groups</th><th>Excluded Groups</th></tr>
<tr><th colspan="8">listners</th></tr>
<tr><td><a href="#t0">C:\Users\asus\Desktop\ORANGEHRM_QA\TEST_DOCUMENTATION\ORANGEHRM_SUITES\listners</a></td><td class="num">0</td><td class="num">0</td><td class="num">0</td><td class="num">0</td><td class="num">31</td><td></td><td></td></tr>
<tr class="stripe"><td><a href="#t1">ORANGEHRM_TESTCASE</a></td><td class="num">15</td><td class="num">0</td><td class="num">0</td><td class="num attn">3</td><td class="num">343.306</td><td></td><td></td></tr>
<tr><th>Total</th><th class="num">15</th><th class="num">0</th><th class="num">0</th><th class="num attn">3</th><th class="num">343.337</th><th colspan="2"></th></tr>
</table>
<table id='summary'><thead><tr><th>Class</th><th>Method</th><th>Start</th><th>Time (ms)</th></tr></thead><tbody><tr><th colspan="4">listners</th></tr></tbody><tbody id="t0"><tr><th colspan="4" class="invisible"/></tr></tbody>
<tbody id="t1"><tr><th colspan="4">ORANGEHRM_TESTCASE &#8212; failed</th></tr><tr class="failedeven"><td rowspan="1">ORANGEHRM_TESTCASES.INFO_EMP</td><td><a href="#m0">user_page</a></td><td rowspan="1">1715970994205</td><td rowspan="1">61530</td></tr><tr class="failedodd"><td rowspan="2">ORANGEHRM_TESTCASES.NEW_USER</td><td><a href="#m1">contact</a></td><td rowspan="1">1715971293890</td><td rowspan="1">1126</td></tr><tr class="failedodd"><td><a href="#m2">login_newuser</a></td><td rowspan="1">1715971173210</td><td rowspan="1">120504</td></tr><tr><th colspan="4">ORANGEHRM_TESTCASE &#8212; passed</th></tr><tr class="passedeven"><td rowspan="4">ORANGEHRM_TESTCASES.CONTACT_EMP</td><td><a href="#m3">emp</a></td><td rowspan="1">1715971090338</td><td rowspan="1">20310</td></tr><tr class="passedeven"><td><a href="#m4">emp_contact</a></td><td rowspan="1">1715971110648</td><td rowspan="1">28828</td></tr><tr class="passedeven"><td><a href="#m5">employeeInfo2</a></td><td rowspan="1">1715971090338</td><td rowspan="1">0</td></tr><tr class="passedeven"><td><a href="#m6">upload</a></td><td rowspan="1">1715971139479</td><td rowspan="1">2966</td></tr><tr class="passedodd"><td rowspan="4">ORANGEHRM_TESTCASES.INFO_EMP</td><td><a href="#m7">check_update</a></td><td rowspan="1">1715971064754</td><td rowspan="1">12589</td></tr><tr class="passedodd"><td><a href="#m8">employeeInfo2</a></td><td rowspan="1">1715970988001</td><td rowspan="1">15</td></tr><tr class="passedodd"><td><a href="#m9">info</a></td><td rowspan="1">1715970988023</td><td rowspan="1">6178</td></tr><tr class="passedodd"><td><a href="#m10">user_attachement</a></td><td rowspan="1">1715971055953</td><td rowspan="1">8801</td></tr><tr class="passedeven"><td rowspan="4">ORANGEHRM_TESTCASES.LOGIN_ORANGEHRM</td><td><a href="#m11">dashbaordpage</a></td><td rowspan="1">1715970972254</td><td rowspan="1">2</td></tr><tr class="passedeven"><td><a href="#m12">invalidcreeds</a></td><td rowspan="1">1715970959916</td><td rowspan="1">5578</td></tr><tr class="passedeven"><td><a href="#m13">newtab</a></td><td rowspan="1">1715970965494</td><td rowspan="1">118</td></tr><tr class="passedeven"><td><a href="#m14">validcreeds</a></td><td rowspan="1">1715970965615</td><td rowspan="1">6636</td></tr><tr class="passedodd"><td rowspan="3">ORANGEHRM_TESTCASES.NEW_USER</td><td><a href="#m15">employeeInfo2</a></td><td rowspan="1">1715971148098</td><td rowspan="1">5</td></tr><tr class="passedodd"><td><a href="#m16">pim_page</a></td><td rowspan="1">1715971148108</td><td rowspan="1">18466</td></tr><tr class="passedodd"><td><a href="#m17">use_new</a></td><td rowspan="1">1715971166574</td><td rowspan="1">6636</td></tr></tbody>
</table>
<h2>C:\Users\asus\Desktop\ORANGEHRM_QA\TEST_DOCUMENTATION\ORANGEHRM_SUITES\listners</h2><h2>ORANGEHRM_TESTCASE</h2><h3 id="m0">ORANGEHRM_TESTCASES.INFO_EMP#user_page</h3><table class="result"><tr><th>Exception</th></tr><tr><td><div class="stacktrace">org.openqa.selenium.NoSuchElementException: no such element: Unable to locate element: {&quot;method&quot;:&quot;xpath&quot;,&quot;selector&quot;:&quot;//*[@id=&quot;app&quot;]/div[1]/div[2]/div[2]/div/div/div/div[2]/div[1]/form/div[4]/button&quot;}
  (Session info: chrome=124.0.6367.119)
For documentation on this error, please visit: https://www.selenium.dev/documentation/webdriver/troubleshooting/errors#no-such-element-exception
Build info: version: &apos;4.17.0&apos;, revision: &apos;e52b1be057*&apos;
System info: os.name: &apos;Windows 11&apos;, os.arch: &apos;amd64&apos;, os.version: &apos;10.0&apos;, java.version: &apos;19.0.1&apos;
Driver info: org.openqa.selenium.chrome.ChromeDriver
Command: [d91442586814dd071630ff12d46d820d, findElement {value=//*[@id=&quot;app&quot;]/div[1]/div[2]/div[2]/div/div/div/div[2]/div[1]/form/div[4]/button, using=xpath}]
Capabilities {acceptInsecureCerts: false, browserName: chrome, browserVersion: 124.0.6367.119, chrome: {chromedriverVersion: 124.0.6367.207 (a9001a6e39f..., userDataDir: C:\Users\asus\AppData\Local...}, fedcm:accounts: true, goog:chromeOptions: {debuggerAddress: localhost:63979}, networkConnectionEnabled: false, pageLoadStrategy: normal, platformName: windows, proxy: Proxy(), se:cdp: ws://localhost:63979/devtoo..., se:cdpVersion: 124.0.6367.119, setWindowRect: true, strictFileInteractability: false, timeouts: {implicit: 0, pageLoad: 300000, script: 30000}, unhandledPromptBehavior: dismiss and notify, webauthn:extension:credBlob: true, webauthn:extension:largeBlob: true, webauthn:extension:minPinLength: true, webauthn:extension:prf: true, webauthn:virtualAuthenticators: true}
Session ID: d91442586814dd071630ff12d46d820d
	at org.openqa.selenium.remote.codec.w3c.W3CHttpResponseCodec.createException(W3CHttpResponseCodec.java:185)
	at org.openqa.selenium.remote.codec.w3c.W3CHttpResponseCodec.decode(W3CHttpResponseCodec.java:134)
	at org.openqa.selenium.remote.codec.w3c.W3CHttpResponseCodec.decode(W3CHttpResponseCodec.java:51)
	at org.openqa.selenium.remote.HttpCommandExecutor.execute(HttpCommandExecutor.java:190)
	at org.openqa.selenium.remote.service.DriverCommandExecutor.invokeExecute(DriverCommandExecutor.java:216)
	at org.openqa.selenium.remote.service.DriverCommandExecutor.execute(DriverCommandExecutor.java:174)
	at org.openqa.selenium.remote.RemoteWebDriver.execute(RemoteWebDriver.java:519)
	at org.openqa.selenium.remote.ElementLocation$ElementFinder$2.findElement(ElementLocation.java:165)
	at org.openqa.selenium.remote.ElementLocation.findElement(ElementLocation.java:59)
	at org.openqa.selenium.remote.RemoteWebDriver.findElement(RemoteWebDriver.java:356)
	at org.openqa.selenium.remote.RemoteWebDriver.findElement(RemoteWebDriver.java:350)
	at org.openqa.selenium.support.pagefactory.DefaultElementLocator.findElement(DefaultElementLocator.java:68)
	at org.openqa.selenium.support.pagefactory.internal.LocatingElementHandler.invoke(LocatingElementHandler.java:38)
	at jdk.proxy2/jdk.proxy2.$Proxy33.click(Unknown Source)
	at ORANGEHRM_PAGE.EMPLOYEE_PAGE.Birthdate_info(EMPLOYEE_PAGE.java:146)
	at ORANGEHRM_TESTCASES.INFO_EMP.user_page(INFO_EMP.java:184)
	at java.base/java.util.ArrayList.forEach(ArrayList.java:1511)
	at com.intellij.rt.testng.IDEARemoteTestNG.run(IDEARemoteTestNG.java:66)
	at com.intellij.rt.testng.RemoteTestNGStarter.main(RemoteTestNGStarter.java:105)
... Removed 25 stack frames</div></td></tr></table><p class="totop"><a href="#summary">back to summary</a></p>
<h3 id="m1">ORANGEHRM_TESTCASES.NEW_USER#contact</h3><table class="result"><tr><th>Exception</th></tr><tr><td><div class="stacktrace">org.openqa.selenium.ElementClickInterceptedException: element click intercepted: Element &lt;a data-v-84c8a174=&quot;&quot; class=&quot;orangehrm-tabs-item&quot; href=&quot;/web/index.php/pim/contactDetails/empNumber/174&quot;&gt;...&lt;/a&gt; is not clickable at point (414, 17). Other element would receive the click: &lt;div data-v-f0c5131f=&quot;&quot; class=&quot;oxd-topbar-header-title&quot;&gt;...&lt;/div&gt;
  (Session info: chrome=124.0.6367.119)
Build info: version: &apos;4.17.0&apos;, revision: &apos;e52b1be057*&apos;
System info: os.name: &apos;Windows 11&apos;, os.arch: &apos;amd64&apos;, os.version: &apos;10.0&apos;, java.version: &apos;19.0.1&apos;
Driver info: org.openqa.selenium.chrome.ChromeDriver
Command: [33c1c7d14faff4e03f567cdce8f43096, clickElement {id=f.919E89B316C7832AF4B17D41FFF13081.d.9E93484408386457EC5CF7EAEDCB312B.e.219}]
Capabilities {acceptInsecureCerts: false, browserName: chrome, browserVersion: 124.0.6367.119, chrome: {chromedriverVersion: 124.0.6367.207 (a9001a6e39f..., userDataDir: C:\Users\asus\AppData\Local...}, fedcm:accounts: true, goog:chromeOptions: {debuggerAddress: localhost:64037}, networkConnectionEnabled: false, pageLoadStrategy: normal, platformName: windows, proxy: Proxy(), se:cdp: ws://localhost:64037/devtoo..., se:cdpVersion: 124.0.6367.119, setWindowRect: true, strictFileInteractability: false, timeouts: {implicit: 0, pageLoad: 300000, script: 30000}, unhandledPromptBehavior: dismiss and notify, webauthn:extension:credBlob: true, webauthn:extension:largeBlob: true, webauthn:extension:minPinLength: true, webauthn:extension:prf: true, webauthn:virtualAuthenticators: true}
Element: [[ChromeDriver: chrome on windows (33c1c7d14faff4e03f567cdce8f43096)] -&gt; xpath: //*[@id=&apos;app&apos;]/div[1]/div[2]/div[2]/div/div/div/div[1]/div[2]/div[2]/a]
Session ID: 33c1c7d14faff4e03f567cdce8f43096
	at org.openqa.selenium.remote.codec.w3c.W3CHttpResponseCodec.createException(W3CHttpResponseCodec.java:185)
	at org.openqa.selenium.remote.codec.w3c.W3CHttpResponseCodec.decode(W3CHttpResponseCodec.java:134)
	at org.openqa.selenium.remote.codec.w3c.W3CHttpResponseCodec.decode(W3CHttpResponseCodec.java:51)
	at org.openqa.selenium.remote.HttpCommandExecutor.execute(HttpCommandExecutor.java:190)
	at org.openqa.selenium.remote.service.DriverCommandExecutor.invokeExecute(DriverCommandExecutor.java:216)
	at org.openqa.selenium.remote.service.DriverCommandExecutor.execute(DriverCommandExecutor.java:174)
	at org.openqa.selenium.remote.RemoteWebDriver.execute(RemoteWebDriver.java:519)
	at org.openqa.selenium.remote.RemoteWebElement.execute(RemoteWebElement.java:223)
	at org.openqa.selenium.remote.RemoteWebElement.click(RemoteWebElement.java:76)
	at ORANGEHRM_TESTCASES.NEW_USER.contact(NEW_USER.java:218)
	at java.base/java.util.ArrayList.forEach(ArrayList.java:1511)
	at com.intellij.rt.testng.IDEARemoteTestNG.run(IDEARemoteTestNG.java:66)
	at com.intellij.rt.testng.RemoteTestNGStarter.main(RemoteTestNGStarter.java:105)
... Removed 25 stack frames</div></td></tr></table><p class="totop"><a href="#summary">back to summary</a></p>
<h3 id="m2">ORANGEHRM_TESTCASES.NEW_USER#login_newuser</h3><table class="result"><tr><th>Exception</th></tr><tr><td><div class="stacktrace">org.openqa.selenium.NoSuchElementException: no such element: Unable to locate element: {&quot;method&quot;:&quot;xpath&quot;,&quot;selector&quot;:&quot;//*[@id=&quot;app&quot;]/div[1]/div[2]/div[2]/div/div/div/div[2]/div[1]/form/div[4]/button&quot;}
  (Session info: chrome=124.0.6367.119)
For documentation on this error, please visit: https://www.selenium.dev/documentation/webdriver/troubleshooting/errors#no-such-element-exception
Build info: version: &apos;4.17.0&apos;, revision: &apos;e52b1be057*&apos;
System info: os.name: &apos;Windows 11&apos;, os.arch: &apos;amd64&apos;, os.version: &apos;10.0&apos;, java.version: &apos;19.0.1&apos;
Driver info: org.openqa.selenium.chrome.ChromeDriver
Command: [33c1c7d14faff4e03f567cdce8f43096, findElement {value=//*[@id=&quot;app&quot;]/div[1]/div[2]/div[2]/div/div/div/div[2]/div[1]/form/div[4]/button, using=xpath}]
Capabilities {acceptInsecureCerts: false, browserName: chrome, browserVersion: 124.0.6367.119, chrome: {chromedriverVersion: 124.0.6367.207 (a9001a6e39f..., userDataDir: C:\Users\asus\AppData\Local...}, fedcm:accounts: true, goog:chromeOptions: {debuggerAddress: localhost:64037}, networkConnectionEnabled: false, pageLoadStrategy: normal, platformName: windows, proxy: Proxy(), se:cdp: ws://localhost:64037/devtoo..., se:cdpVersion: 124.0.6367.119, setWindowRect: true, strictFileInteractability: false, timeouts: {implicit: 0, pageLoad: 300000, script: 30000}, unhandledPromptBehavior: dismiss and notify, webauthn:extension:credBlob: true, webauthn:extension:largeBlob: true, webauthn:extension:minPinLength: true, webauthn:extension:prf: true, webauthn:virtualAuthenticators: true}
Session ID: 33c1c7d14faff4e03f567cdce8f43096
	at org.openqa.selenium.remote.codec.w3c.W3CHttpResponseCodec.createException(W3CHttpResponseCodec.java:185)
	at org.openqa.selenium.remote.codec.w3c.W3CHttpResponseCodec.decode(W3CHttpResponseCodec.java:134)
	at org.openqa.selenium.remote.codec.w3c.W3CHttpResponseCodec.decode(W3CHttpResponseCodec.java:51)
	at org.openqa.selenium.remote.HttpCommandExecutor.execute(HttpCommandExecutor.java:190)
	at org.openqa.selenium.remote.service.DriverCommandExecutor.invokeExecute(DriverCommandExecutor.java:216)
	at org.openqa.selenium.remote.service.DriverCommandExecutor.execute(DriverCommandExecutor.java:174)
	at org.openqa.selenium.remote.RemoteWebDriver.execute(RemoteWebDriver.java:519)
	at org.openqa.selenium.remote.ElementLocation$ElementFinder$2.findElement(ElementLocation.java:165)
	at org.openqa.selenium.remote.ElementLocation.findElement(ElementLocation.java:59)
	at org.openqa.selenium.remote.RemoteWebDriver.findElement(RemoteWebDriver.java:356)
	at org.openqa.selenium.remote.RemoteWebDriver.findElement(RemoteWebDriver.java:350)
	at org.openqa.selenium.support.pagefactory.DefaultElementLocator.findElement(DefaultElementLocator.java:68)
	at org.openqa.selenium.support.pagefactory.internal.LocatingElementHandler.invoke(LocatingElementHandler.java:38)
	at jdk.proxy2/jdk.proxy2.$Proxy33.click(Unknown Source)
	at ORANGEHRM_PAGE.EMPLOYEE_PAGE.Birthdate_info(EMPLOYEE_PAGE.java:146)
	at ORANGEHRM_TESTCASES.NEW_USER.login_newuser(NEW_USER.java:196)
	at java.base/java.util.ArrayList.forEach(ArrayList.java:1511)
	at com.intellij.rt.testng.IDEARemoteTestNG.run(IDEARemoteTestNG.java:66)
	at com.intellij.rt.testng.RemoteTestNGStarter.main(RemoteTestNGStarter.java:105)
... Removed 25 stack frames</div></td></tr></table><p class="totop"><a href="#summary">back to summary</a></p>
<h3 id="m3">ORANGEHRM_TESTCASES.CONTACT_EMP#emp</h3><table class="result"><tr><th class="invisible"/></tr></table><p class="totop"><a href="#summary">back to summary</a></p>
<h3 id="m4">ORANGEHRM_TESTCASES.CONTACT_EMP#emp_contact</h3><table class="result"><tr><th class="invisible"/></tr></table><p class="totop"><a href="#summary">back to summary</a></p>
<h3 id="m5">ORANGEHRM_TESTCASES.CONTACT_EMP#employeeInfo2</h3><table class="result"><tr class="param"><th>Parameter #1</th></tr><tr class="param stripe"><td>[choiab al dokali, al mowahidine, ouedzem, khouribga, 125600, moroccan, 08234567438, 03244566449, 01234537438, micheal@hotmail.com, IBMTEAM@gmail.com]</td></tr></table><p class="totop"><a href="#summary">back to summary</a></p>
<h3 id="m6">ORANGEHRM_TESTCASES.CONTACT_EMP#upload</h3><table class="result"><tr><th class="invisible"/></tr></table><p class="totop"><a href="#summary">back to summary</a></p>
<h3 id="m7">ORANGEHRM_TESTCASES.INFO_EMP#check_update</h3><table class="result"><tr><th class="invisible"/></tr></table><p class="totop"><a href="#summary">back to summary</a></p>
<h3 id="m8">ORANGEHRM_TESTCASES.INFO_EMP#employeeInfo2</h3><table class="result"><tr class="param"><th>Parameter #1</th></tr><tr class="param stripe"><td>[MOHAMED, AMINE, ROUADI, K-01235, 978545321398, 2025-06-01, moroccan, single, 1990-11-12, male, A+]</td></tr></table><p class="totop"><a href="#summary">back to summary</a></p>
<h3 id="m9">ORANGEHRM_TESTCASES.INFO_EMP#info</h3><table class="result"><tr><th class="invisible"/></tr></table><p class="totop"><a href="#summary">back to summary</a></p>
<h3 id="m10">ORANGEHRM_TESTCASES.INFO_EMP#user_attachement</h3><table class="result"><tr><th class="invisible"/></tr></table><p class="totop"><a href="#summary">back to summary</a></p>
<h3 id="m11">ORANGEHRM_TESTCASES.LOGIN_ORANGEHRM#dashbaordpage</h3><table class="result"><tr><th class="invisible"/></tr></table><p class="totop"><a href="#summary">back to summary</a></p>
<h3 id="m12">ORANGEHRM_TESTCASES.LOGIN_ORANGEHRM#invalidcreeds</h3><table class="result"><tr><th class="invisible"/></tr></table><p class="totop"><a href="#summary">back to summary</a></p>
<h3 id="m13">ORANGEHRM_TESTCASES.LOGIN_ORANGEHRM#newtab</h3><table class="result"><tr><th class="invisible"/></tr></table><p class="totop"><a href="#summary">back to summary</a></p>
<h3 id="m14">ORANGEHRM_TESTCASES.LOGIN_ORANGEHRM#validcreeds</h3><table class="result"><tr><th class="invisible"/></tr></table><p class="totop"><a href="#summary">back to summary</a></p>
<h3 id="m15">ORANGEHRM_TESTCASES.NEW_USER#employeeInfo2</h3><table class="result"><tr class="param"><th>Parameter #1</th><th>Parameter #2</th><th>Parameter #3</th><th>Parameter #4</th><th>Parameter #5</th><th>Parameter #6</th><th>Parameter #7</th></tr><tr class="param stripe"><td>AERO1234@</td><td>ahmed</td><td>said</td><td>hassan</td><td>01234</td><td>ensakh14@</td><td>ensakh14@</td></tr></table><p class="totop"><a href="#summary">back to summary</a></p>
<h3 id="m16">ORANGEHRM_TESTCASES.NEW_USER#pim_page</h3><table class="result"><tr><th class="invisible"/></tr></table><p class="totop"><a href="#summary">back to summary</a></p>
<h3 id="m17">ORANGEHRM_TESTCASES.NEW_USER#use_new</h3><table class="result"><tr><th class="invisible"/></tr></table><p class="totop"><a href="#summary">back to summary</a></p>
</body>
</html>
